<?xml version="1.0" encoding="UTF-8"?>
<testsuite name="uk.co.ts.controller.NoAuthRiskControllerTest" tests="1" skipped="0" failures="0" errors="0" timestamp="2018-05-04T11:12:48" hostname="o2" time="0.037">
  <properties/>
  <testcase name="GetRiskMeasuresJson: should return risk measures" classname="uk.co.ts.controller.NoAuthRiskControllerTest" time="0.037"/>
  <system-out><![CDATA[]]></system-out>
  <system-err><![CDATA[]]></system-err>
</testsuite>
