<?xml version="1.0" encoding="UTF-8"?>
<testsuite name="uk.co.ts.service.RiskServiceTest" tests="1" skipped="0" failures="0" errors="0" timestamp="2018-05-04T11:12:47" hostname="o2" time="1.106">
  <properties/>
  <testcase name="GetRiskMeasures: Should return risk calculations" classname="uk.co.ts.service.RiskServiceTest" time="1.106"/>
  <system-out><![CDATA[12:12:48.715 [Test worker] DEBUG org.springframework.test.util.ReflectionTestUtils - Setting field 'externalRiskApi' of type [null] on target object [uk.co.ts.service.RiskService@2b8a874f] or target class [class uk.co.ts.service.RiskService] to value [http://external.risk.api/url]
]]></system-out>
  <system-err><![CDATA[]]></system-err>
</testsuite>
